# JRE version: Java(TM) SE Runtime Environment (8.0_191-b12) (build 1.8.0_191-b12)
# Java VM: Java HotSpot(TM) Client VM (25.191-b12 mixed mode windows-x86 )
Heap:
 def new generation   total 80064K, used 18650K [0x05200000, 0x0a8e0000, 0x0fca0000)
  eden space 71168K,  22% used [0x05200000, 0x06195438, 0x09780000)
  from space 8896K,  30% used [0x0a030000, 0x0a2d1438, 0x0a8e0000)
  to   space 8896K,   0% used [0x09780000, 0x09780000, 0x0a030000)
 tenured generation   total 177828K, used 170873K [0x0fca0000, 0x1aa49000, 0x25200000)
   the space 177828K,  96% used [0x0fca0000, 0x1a37e678, 0x1a37e800, 0x1aa49000)
 Metaspace       used 22144K, capacity 22688K, committed 22784K, reserved 22912K
GC Heap History (10 events):
Event: 1411.137 GC heap before
{Heap before GC invocations=18 (full 3):
 def new generation   total 80064K, used 76029K [0x05200000, 0x0a8e0000, 0x0fca0000)
  eden space 71168K, 100% used [0x05200000, 0x09780000, 0x09780000)
  from space 8896K,  54% used [0x09780000, 0x09c3f5d8, 0x0a030000)
  to   space 8896K,   0% used [0x0a030000, 0x0a030000, 0x0a8e0000)
 tenured generation   total 177828K, used 162531K [0x0fca0000, 0x1aa49000, 0x25200000)
   the space 177828K,  91% used [0x0fca0000, 0x19b58f18, 0x19b59000, 0x1aa49000)
 Metaspace       used 21955K, capacity 22491K, committed 22528K, reserved 22912K
Event: 1411.153 GC heap after
Heap after GC invocations=19 (full 3):
 def new generation   total 80064K, used 5170K [0x05200000, 0x0a8e0000, 0x0fca0000)
  eden space 71168K,   0% used [0x05200000, 0x05200000, 0x09780000)
  from space 8896K,  58% used [0x0a030000, 0x0a53c8b8, 0x0a8e0000)
  to   space 8896K,   0% used [0x09780000, 0x09780000, 0x0a030000)
 tenured generation   total 177828K, used 163028K [0x0fca0000, 0x1aa49000, 0x25200000)
   the space 177828K,  91% used [0x0fca0000, 0x19bd50a8, 0x19bd5200, 0x1aa49000)
 Metaspace       used 21955K, capacity 22491K, committed 22528K, reserved 22912K
}
Event: 1568.021 GC heap before
{Heap before GC invocations=19 (full 3):
 def new generation   total 80064K, used 76338K [0x05200000, 0x0a8e0000, 0x0fca0000)
  eden space 71168K, 100% used [0x05200000, 0x09780000, 0x09780000)
  from space 8896K,  58% used [0x0a030000, 0x0a53c8b8, 0x0a8e0000)
  to   space 8896K,   0% used [0x09780000, 0x09780000, 0x0a030000)
 tenured generation   total 177828K, used 163028K [0x0fca0000, 0x1aa49000, 0x25200000)
   the space 177828K,  91% used [0x0fca0000, 0x19bd50a8, 0x19bd5200, 0x1aa49000)
 Metaspace       used 21955K, capacity 22491K, committed 22528K, reserved 22912K
Event: 1568.033 GC heap after
Heap after GC invocations=20 (full 3):
 def new generation   total 80064K, used 4610K [0x05200000, 0x0a8e0000, 0x0fca0000)
  eden space 71168K,   0% used [0x05200000, 0x05200000, 0x09780000)
  from space 8896K,  51% used [0x09780000, 0x09c00b88, 0x0a030000)
  to   space 8896K,   0% used [0x0a030000, 0x0a030000, 0x0a8e0000)
 tenured generation   total 177828K, used 164457K [0x0fca0000, 0x1aa49000, 0x25200000)
   the space 177828K,  92% used [0x0fca0000, 0x19d3a6f8, 0x19d3a800, 0x1aa49000)
 Metaspace       used 21955K, capacity 22491K, committed 22528K, reserved 22912K
}
Event: 1694.496 GC heap before
{Heap before GC invocations=20 (full 3):
 def new generation   total 80064K, used 75778K [0x05200000, 0x0a8e0000, 0x0fca0000)
  eden space 71168K, 100% used [0x05200000, 0x09780000, 0x09780000)
  from space 8896K,  51% used [0x09780000, 0x09c00b88, 0x0a030000)
  to   space 8896K,   0% used [0x0a030000, 0x0a030000, 0x0a8e0000)
 tenured generation   total 177828K, used 164457K [0x0fca0000, 0x1aa49000, 0x25200000)
   the space 177828K,  92% used [0x0fca0000, 0x19d3a6f8, 0x19d3a800, 0x1aa49000)
 Metaspace       used 22143K, capacity 22686K, committed 22784K, reserved 22912K
Event: 1694.511 GC heap after
Heap after GC invocations=21 (full 3):
 def new generation   total 80064K, used 5763K [0x05200000, 0x0a8e0000, 0x0fca0000)
  eden space 71168K,   0% used [0x05200000, 0x05200000, 0x09780000)
  from space 8896K,  64% used [0x0a030000, 0x0a5d0c78, 0x0a8e0000)
  to   space 8896K,   0% used [0x09780000, 0x09780000, 0x0a030000)
 tenured generation   total 177828K, used 165410K [0x0fca0000, 0x1aa49000, 0x25200000)
   the space 177828K,  93% used [0x0fca0000, 0x19e28a28, 0x19e28c00, 0x1aa49000)
 Metaspace       used 22143K, capacity 22686K, committed 22784K, reserved 22912K
}
Event: 1939.195 GC heap before
{Heap before GC invocations=21 (full 3):
 def new generation   total 80064K, used 76931K [0x05200000, 0x0a8e0000, 0x0fca0000)
  eden space 71168K, 100% used [0x05200000, 0x09780000, 0x09780000)
  from space 8896K,  64% used [0x0a030000, 0x0a5d0c78, 0x0a8e0000)
  to   space 8896K,   0% used [0x09780000, 0x09780000, 0x0a030000)
 tenured generation   total 177828K, used 165410K [0x0fca0000, 0x1aa49000, 0x25200000)
   the space 177828K,  93% used [0x0fca0000, 0x19e28a28, 0x19e28c00, 0x1aa49000)
 Metaspace       used 22143K, capacity 22686K, committed 22784K, reserved 22912K
Event: 1939.217 GC heap after
Heap after GC invocations=22 (full 3):
 def new generation   total 80064K, used 5244K [0x05200000, 0x0a8e0000, 0x0fca0000)
  eden space 71168K,   0% used [0x05200000, 0x05200000, 0x09780000)
  from space 8896K,  58% used [0x09780000, 0x09c9f380, 0x0a030000)
  to   space 8896K,   0% used [0x0a030000, 0x0a030000, 0x0a8e0000)
 tenured generation   total 177828K, used 167240K [0x0fca0000, 0x1aa49000, 0x25200000)
   the space 177828K,  94% used [0x0fca0000, 0x19ff2068, 0x19ff2200, 0x1aa49000)
 Metaspace       used 22143K, capacity 22686K, committed 22784K, reserved 22912K
}
Event: 2187.539 GC heap before
{Heap before GC invocations=22 (full 3):
 def new generation   total 80064K, used 76412K [0x05200000, 0x0a8e0000, 0x0fca0000)
  eden space 71168K, 100% used [0x05200000, 0x09780000, 0x09780000)
  from space 8896K,  58% used [0x09780000, 0x09c9f380, 0x0a030000)
  to   space 8896K,   0% used [0x0a030000, 0x0a030000, 0x0a8e0000)
 tenured generation   total 177828K, used 167240K [0x0fca0000, 0x1aa49000, 0x25200000)
   the space 177828K,  94% used [0x0fca0000, 0x19ff2068, 0x19ff2200, 0x1aa49000)
 Metaspace       used 22143K, capacity 22686K, committed 22784K, reserved 22912K
Event: 2187.549 GC heap after
Heap after GC invocations=23 (full 3):
 def new generation   total 80064K, used 2693K [0x05200000, 0x0a8e0000, 0x0fca0000)
  eden space 71168K,   0% used [0x05200000, 0x05200000, 0x09780000)
  from space 8896K,  30% used [0x0a030000, 0x0a2d1438, 0x0a8e0000)
  to   space 8896K,   0% used [0x09780000, 0x09780000, 0x0a030000)
 tenured generation   total 177828K, used 170873K [0x0fca0000, 0x1aa49000, 0x25200000)
   the space 177828K,  96% used [0x0fca0000, 0x1a37e678, 0x1a37e800, 0x1aa49000)
 Metaspace       used 22143K, capacity 22686K, committed 22784K, reserved 22912K
}

